2026-04-19T09:41:23.047Z  INFO 113 --- [mirabackend] [restartedMain] d.m.mirabackend.MirabackendApplication   : Starting MirabackendApplication using Java 25.0.2 with PID 113 (/app/target/classes started by root in /app)
2026-04-19T09:41:23.048Z DEBUG 113 --- [mirabackend] [restartedMain] d.m.mirabackend.MirabackendApplication   : Running with Spring Boot v4.0.5, Spring v7.0.6
2026-04-19T09:41:23.048Z  INFO 113 --- [mirabackend] [restartedMain] d.m.mirabackend.MirabackendApplication   : No active profile set, falling back to 1 default profile: "default"
2026-04-19T09:41:23.288Z  INFO 113 --- [mirabackend] [restartedMain] .s.d.r.c.RepositoryConfigurationDelegate : Bootstrapping Spring Data JPA repositories in DEFAULT mode.
2026-04-19T09:41:23.308Z  INFO 113 --- [mirabackend] [restartedMain] .s.d.r.c.RepositoryConfigurationDelegate : Finished Spring Data repository scanning in 19 ms. Found 2 JPA repository interfaces.
2026-04-19T09:41:23.401Z  INFO 113 --- [mirabackend] [restartedMain] o.s.boot.tomcat.TomcatWebServer          : Tomcat initialized with port 8080 (http)
2026-04-19T09:41:23.404Z  INFO 113 --- [mirabackend] [restartedMain] o.apache.catalina.core.StandardService   : Starting service [Tomcat]
2026-04-19T09:41:23.404Z  INFO 113 --- [mirabackend] [restartedMain] o.apache.catalina.core.StandardEngine    : Starting Servlet engine: [Apache Tomcat/11.0.20]
2026-04-19T09:41:23.413Z  INFO 113 --- [mirabackend] [restartedMain] b.w.c.s.WebApplicationContextInitializer : Root WebApplicationContext: initialization completed in 359 ms
2026-04-19T09:41:23.453Z  INFO 113 --- [mirabackend] [restartedMain] org.hibernate.orm.jpa                    : HHH008540: Processing PersistenceUnitInfo [name: default]
2026-04-19T09:41:23.494Z  INFO 113 --- [mirabackend] [restartedMain] o.s.o.j.p.SpringPersistenceUnitInfo      : No LoadTimeWeaver setup: ignoring JPA class transformer
2026-04-19T09:41:23.496Z  INFO 113 --- [mirabackend] [restartedMain] com.zaxxer.hikari.HikariDataSource       : HikariPool-6 - Starting...
2026-04-19T09:41:23.509Z  INFO 113 --- [mirabackend] [restartedMain] com.zaxxer.hikari.pool.HikariPool        : HikariPool-6 - Added connection org.postgresql.jdbc.PgConnection@52417e89
2026-04-19T09:41:23.510Z  INFO 113 --- [mirabackend] [restartedMain] com.zaxxer.hikari.HikariDataSource       : HikariPool-6 - Start completed.
2026-04-19T09:41:23.514Z  INFO 113 --- [mirabackend] [restartedMain] org.hibernate.orm.connections.pooling    : HHH10001005: Database info:
	Database JDBC URL [jdbc:postgresql://postgres:5432/mira_db]
	Database driver: PostgreSQL JDBC Driver
	Database dialect: PostgreSQLDialect
	Database version: 18.3
	Default catalog/schema: mira_db/public
	Autocommit mode: undefined/unknown
	Isolation level: READ_COMMITTED [default READ_COMMITTED]
	JDBC fetch size: none
	Pool: DataSourceConnectionProvider
	Minimum pool size: undefined/unknown
	Maximum pool size: undefined/unknown
2026-04-19T09:41:23.601Z  INFO 113 --- [mirabackend] [restartedMain] org.hibernate.orm.core                   : HHH000489: No JTA platform available (set 'hibernate.transaction.jta.platform' to enable JTA platform integration)
2026-04-19T09:41:23.623Z  INFO 113 --- [mirabackend] [restartedMain] j.LocalContainerEntityManagerFactoryBean : Initialized JPA EntityManagerFactory for persistence unit 'default'
2026-04-19T09:41:23.707Z  INFO 113 --- [mirabackend] [restartedMain] r$InitializeUserDetailsManagerConfigurer : Global AuthenticationManager configured with UserDetailsService bean with name jpaUserDetailsService
2026-04-19T09:41:23.774Z  INFO 113 --- [mirabackend] [restartedMain] o.s.boot.tomcat.TomcatWebServer          : Tomcat started on port 8080 (http) with context path '/'
2026-04-19T09:41:23.776Z  INFO 113 --- [mirabackend] [restartedMain] d.m.mirabackend.MirabackendApplication   : Started MirabackendApplication in 0.796 seconds (process running for 64450.177)
2026-04-19T09:41:23.791Z  INFO 113 --- [mirabackend] [restartedMain] .ConditionEvaluationDeltaLoggingListener : Condition evaluation unchanged
2026-04-19T09:42:48.797Z  INFO 113 --- [mirabackend] [http-nio-8080-exec-1] o.a.c.c.C.[Tomcat].[localhost].[/]       : Initializing Spring DispatcherServlet 'dispatcherServlet'
2026-04-19T09:42:48.801Z  INFO 113 --- [mirabackend] [http-nio-8080-exec-1] o.s.web.servlet.DispatcherServlet        : Initializing Servlet 'dispatcherServlet'
2026-04-19T09:42:48.818Z  INFO 113 --- [mirabackend] [http-nio-8080-exec-1] o.s.web.servlet.DispatcherServlet        : Completed initialization in 17 ms
2026-04-19T09:42:48.839Z DEBUG 113 --- [mirabackend] [http-nio-8080-exec-1] d.m.m.user.service.UserManager           : Received request to register user
2026-04-19T10:03:13.840Z  INFO 113 --- [mirabackend] [SpringApplicationShutdownHook] o.s.boot.tomcat.GracefulShutdown         : Commencing graceful shutdown. Waiting for active requests to complete
2026-04-19T10:03:13.846Z  INFO 113 --- [mirabackend] [tomcat-shutdown] o.s.boot.tomcat.GracefulShutdown         : Graceful shutdown complete
2026-04-19T10:03:13.851Z  INFO 113 --- [mirabackend] [SpringApplicationShutdownHook] j.LocalContainerEntityManagerFactoryBean : Closing JPA EntityManagerFactory for persistence unit 'default'
2026-04-19T10:03:13.867Z  INFO 113 --- [mirabackend] [SpringApplicationShutdownHook] com.zaxxer.hikari.HikariDataSource       : HikariPool-6 - Shutdown initiated...
2026-04-19T10:03:13.871Z  INFO 113 --- [mirabackend] [SpringApplicationShutdownHook] com.zaxxer.hikari.HikariDataSource       : HikariPool-6 - Shutdown completed.
